[2024-02-01T16:54:25.384+0000] {taskinstance.py:1159} INFO - Dependencies all met for dep_context=non-requeueable deps ti=<TaskInstance: calculating_gross_margin.calculating_gross_margin manual__2024-02-01T16:46:26.498468+00:00 [queued]>
[2024-02-01T16:54:25.400+0000] {taskinstance.py:1159} INFO - Dependencies all met for dep_context=requeueable deps ti=<TaskInstance: calculating_gross_margin.calculating_gross_margin manual__2024-02-01T16:46:26.498468+00:00 [queued]>
[2024-02-01T16:54:25.402+0000] {taskinstance.py:1361} INFO - Starting attempt 2 of 2
[2024-02-01T16:54:25.423+0000] {taskinstance.py:1382} INFO - Executing <Task(PythonOperator): calculating_gross_margin> on 2024-02-01 16:46:26.498468+00:00
[2024-02-01T16:54:25.447+0000] {standard_task_runner.py:57} INFO - Started process 559 to run task
[2024-02-01T16:54:25.460+0000] {standard_task_runner.py:84} INFO - Running: ['***', 'tasks', 'run', 'calculating_gross_margin', 'calculating_gross_margin', 'manual__2024-02-01T16:46:26.498468+00:00', '--job-id', '163', '--raw', '--subdir', 'DAGS_FOLDER/fundamental_data_pipeline.py', '--cfg-path', '/tmp/tmpe5weq676']
[2024-02-01T16:54:25.467+0000] {standard_task_runner.py:85} INFO - Job 163: Subtask calculating_gross_margin
[2024-02-01T16:54:25.715+0000] {task_command.py:416} INFO - Running <TaskInstance: calculating_gross_margin.calculating_gross_margin manual__2024-02-01T16:46:26.498468+00:00 [running]> on host 617d7a1a687e
[2024-02-01T16:54:25.862+0000] {taskinstance.py:1662} INFO - Exporting env vars: AIRFLOW_CTX_DAG_EMAIL='gerardchurch133@outlook.com' AIRFLOW_CTX_DAG_OWNER='Airflow' AIRFLOW_CTX_DAG_ID='calculating_gross_margin' AIRFLOW_CTX_TASK_ID='calculating_gross_margin' AIRFLOW_CTX_EXECUTION_DATE='2024-02-01T16:46:26.498468+00:00' AIRFLOW_CTX_TRY_NUMBER='2' AIRFLOW_CTX_DAG_RUN_ID='manual__2024-02-01T16:46:26.498468+00:00'
[2024-02-01T16:54:46.441+0000] {_universal.py:514} INFO - Request URL: 'https://datalakeuksouth2311.table.core.windows.net/fundamentalsraw()?$filter=REDACTED'
Request method: 'GET'
Request headers:
    'x-ms-version': 'REDACTED'
    'DataServiceVersion': 'REDACTED'
    'Accept': 'application/json;odata=minimalmetadata'
    'x-ms-client-request-id': '9abf7930-c122-11ee-810a-0242ac120005'
    'x-ms-date': 'REDACTED'
    'Date': 'Thu, 01 Feb 2024 16:54:46 GMT'
    'User-Agent': 'azsdk-python-data-tables/12.5.0 Python/3.8.18 (Linux-5.10.16.3-microsoft-standard-WSL2-x86_64-with-glibc2.2.5)'
    'Authorization': 'REDACTED'
No body was attached to the request
[2024-02-01T16:54:47.027+0000] {_universal.py:550} INFO - Response status: 200
Response headers:
    'Cache-Control': 'no-cache'
    'Transfer-Encoding': 'chunked'
    'Content-Type': 'application/json;odata=minimalmetadata;streaming=true;charset=utf-8'
    'Server': 'Windows-Azure-Table/1.0 Microsoft-HTTPAPI/2.0'
    'x-ms-request-id': 'f1d31383-8002-0074-5b2f-55b4de000000'
    'x-ms-client-request-id': '9abf7930-c122-11ee-810a-0242ac120005'
    'x-ms-version': 'REDACTED'
    'X-Content-Type-Options': 'REDACTED'
    'Date': 'Thu, 01 Feb 2024 16:54:49 GMT'
[2024-02-01T16:54:53.229+0000] {_universal.py:514} INFO - Request URL: 'https://datalakeuksouth2311.table.core.windows.net/fundamentals()?$filter=REDACTED'
Request method: 'GET'
Request headers:
    'x-ms-version': 'REDACTED'
    'DataServiceVersion': 'REDACTED'
    'Accept': 'application/json;odata=minimalmetadata'
    'x-ms-client-request-id': '9ecbf800-c122-11ee-810a-0242ac120005'
    'x-ms-date': 'REDACTED'
    'Date': 'Thu, 01 Feb 2024 16:54:53 GMT'
    'User-Agent': 'azsdk-python-data-tables/12.5.0 Python/3.8.18 (Linux-5.10.16.3-microsoft-standard-WSL2-x86_64-with-glibc2.2.5)'
    'Authorization': 'REDACTED'
No body was attached to the request
[2024-02-01T16:54:53.259+0000] {_universal.py:550} INFO - Response status: 200
Response headers:
    'Cache-Control': 'no-cache'
    'Transfer-Encoding': 'chunked'
    'Content-Type': 'application/json;odata=minimalmetadata;streaming=true;charset=utf-8'
    'Server': 'Windows-Azure-Table/1.0 Microsoft-HTTPAPI/2.0'
    'x-ms-request-id': 'f1d31536-8002-0074-6a2f-55b4de000000'
    'x-ms-client-request-id': '9ecbf800-c122-11ee-810a-0242ac120005'
    'x-ms-version': 'REDACTED'
    'X-Content-Type-Options': 'REDACTED'
    'Date': 'Thu, 01 Feb 2024 16:54:55 GMT'
[2024-02-01T16:54:53.262+0000] {taskinstance.py:1937} ERROR - Task failed with exception
Traceback (most recent call last):
  File "/home/airflow/.local/lib/python3.8/site-packages/pandas/core/indexes/base.py", line 3653, in get_loc
    return self._engine.get_loc(casted_key)
  File "pandas/_libs/index.pyx", line 147, in pandas._libs.index.IndexEngine.get_loc
  File "pandas/_libs/index.pyx", line 176, in pandas._libs.index.IndexEngine.get_loc
  File "pandas/_libs/hashtable_class_helper.pxi", line 7080, in pandas._libs.hashtable.PyObjectHashTable.get_item
  File "pandas/_libs/hashtable_class_helper.pxi", line 7088, in pandas._libs.hashtable.PyObjectHashTable.get_item
KeyError: 'RowKey'

The above exception was the direct cause of the following exception:

Traceback (most recent call last):
  File "/home/airflow/.local/lib/python3.8/site-packages/airflow/operators/python.py", line 192, in execute
    return_value = self.execute_callable()
  File "/home/airflow/.local/lib/python3.8/site-packages/airflow/operators/python.py", line 209, in execute_callable
    return self.python_callable(*self.op_args, **self.op_kwargs)
  File "/opt/airflow/dags/fundamental_data_pipeline.py", line 90, in get_gross_margin
    new_core_entities = fundamentals_raw[~fundamentals_raw['RowKey'].isin(fundamentals_core['RowKey'].tolist())]
  File "/home/airflow/.local/lib/python3.8/site-packages/pandas/core/frame.py", line 3761, in __getitem__
    indexer = self.columns.get_loc(key)
  File "/home/airflow/.local/lib/python3.8/site-packages/pandas/core/indexes/base.py", line 3655, in get_loc
    raise KeyError(key) from err
KeyError: 'RowKey'
[2024-02-01T16:54:53.319+0000] {taskinstance.py:1400} INFO - Marking task as FAILED. dag_id=calculating_gross_margin, task_id=calculating_gross_margin, execution_date=20240201T164626, start_date=20240201T165425, end_date=20240201T165453
[2024-02-01T16:54:53.358+0000] {warnings.py:109} WARNING - /home/***/.local/lib/python3.8/site-packages/***/utils/email.py:154: RemovedInAirflow3Warning: Fetching SMTP credentials from configuration variables will be deprecated in a future release. Please set credentials using a connection instead.
  send_mime_email(e_from=mail_from, e_to=recipients, mime_msg=msg, conn_id=conn_id, dryrun=dryrun)

[2024-02-01T16:54:53.359+0000] {email.py:270} INFO - Email alerting: attempt 1
[2024-02-01T16:54:53.909+0000] {email.py:281} INFO - Sent an alert email to ['gerardchurch133@outlook.com']
[2024-02-01T16:54:54.528+0000] {standard_task_runner.py:104} ERROR - Failed to execute job 163 for task calculating_gross_margin ('RowKey'; 559)
[2024-02-01T16:54:54.555+0000] {local_task_job_runner.py:228} INFO - Task exited with return code 1
[2024-02-01T16:54:54.601+0000] {taskinstance.py:2778} INFO - 0 downstream tasks scheduled from follow-on schedule check
